<?xml version="1.0" encoding="UTF-8"?>
<testng-results ignored="0" total="3" passed="3" failed="0" skipped="0">
  <reporter-output>
  </reporter-output>
  <suite started-at="2022-08-01T20:42:48 EEST" name="Test-method Suite" finished-at="2022-08-01T20:43:05 EEST" duration-ms="16824">
    <groups>
    </groups>
    <test started-at="2022-08-01T20:42:48 EEST" name="Test-method test" finished-at="2022-08-01T20:43:05 EEST" duration-ms="16824">
      <class name="mentorMatePageFactory.LoginTest">
        <test-method is-config="true" signature="setUp()[pri:0, instance:mentorMatePageFactory.LoginTest@2ddc8ecb]" started-at="2022-08-01T20:42:54 EEST" name="setUp" finished-at="2022-08-01T20:42:55 EEST" duration-ms="1276" status="PASS">
          <reporter-output>
          </reporter-output>
        </test-method> <!-- setUp -->
        <test-method is-config="true" signature="SetUp()[pri:0, instance:mentorMatePageFactory.LoginTest@2ddc8ecb]" started-at="2022-08-01T20:42:55 EEST" name="SetUp" finished-at="2022-08-01T20:42:57 EEST" duration-ms="1867" status="PASS">
          <reporter-output>
          </reporter-output>
        </test-method> <!-- SetUp -->
        <test-method signature="testLogin()[pri:0, instance:mentorMatePageFactory.LoginTest@2ddc8ecb]" started-at="2022-08-01T20:42:57 EEST" name="testLogin" finished-at="2022-08-01T20:42:58 EEST" duration-ms="1124" status="PASS">
          <reporter-output>
          </reporter-output>
        </test-method> <!-- testLogin -->
        <test-method is-config="true" signature="tearDown(org.testng.ITestResult)[pri:0, instance:mentorMatePageFactory.LoginTest@2ddc8ecb]" started-at="2022-08-01T20:42:58 EEST" name="tearDown" finished-at="2022-08-01T20:42:58 EEST" duration-ms="2" status="PASS">
          <params>
            <param index="0">
              <value>
                <![CDATA[[TestResult name=testLogin status=SUCCESS method=LoginTest.testLogin()[pri:0, instance:mentorMatePageFactory.LoginTest@2ddc8ecb] output={null}]]]>
              </value>
            </param>
          </params>
          <reporter-output>
          </reporter-output>
        </test-method> <!-- tearDown -->
        <test-method is-config="true" signature="tearDown()[pri:0, instance:mentorMatePageFactory.LoginTest@2ddc8ecb]" started-at="2022-08-01T20:42:58 EEST" name="tearDown" finished-at="2022-08-01T20:42:58 EEST" duration-ms="631" status="PASS">
          <reporter-output>
          </reporter-output>
        </test-method> <!-- tearDown -->
      </class> <!-- mentorMatePageFactory.LoginTest -->
      <class name="mentorMatePageFactory.LandingPageTest">
        <test-method is-config="true" signature="setUp()[pri:0, instance:mentorMatePageFactory.LandingPageTest@2f177a4b]" started-at="2022-08-01T20:42:48 EEST" name="setUp" finished-at="2022-08-01T20:42:52 EEST" duration-ms="3505" status="PASS">
          <reporter-output>
          </reporter-output>
        </test-method> <!-- setUp -->
        <test-method is-config="true" signature="SetUp()[pri:0, instance:mentorMatePageFactory.LandingPageTest@2f177a4b]" started-at="2022-08-01T20:42:52 EEST" name="SetUp" finished-at="2022-08-01T20:42:53 EEST" duration-ms="1108" status="PASS">
          <reporter-output>
          </reporter-output>
        </test-method> <!-- SetUp -->
        <test-method signature="testOpenHomePage()[pri:0, instance:mentorMatePageFactory.LandingPageTest@2f177a4b]" started-at="2022-08-01T20:42:53 EEST" name="testOpenHomePage" finished-at="2022-08-01T20:42:53 EEST" duration-ms="64" status="PASS">
          <reporter-output>
          </reporter-output>
        </test-method> <!-- testOpenHomePage -->
        <test-method is-config="true" signature="tearDown()[pri:0, instance:mentorMatePageFactory.LandingPageTest@2f177a4b]" started-at="2022-08-01T20:42:53 EEST" name="tearDown" finished-at="2022-08-01T20:42:54 EEST" duration-ms="709" status="PASS">
          <reporter-output>
          </reporter-output>
        </test-method> <!-- tearDown -->
      </class> <!-- mentorMatePageFactory.LandingPageTest -->
      <class name="mentorMatePageFactory.CreatePublicPostTest">
        <test-method is-config="true" signature="setUp()[pri:0, instance:mentorMatePageFactory.CreatePublicPostTest@229d10bd]" started-at="2022-08-01T20:42:58 EEST" name="setUp" finished-at="2022-08-01T20:43:00 EEST" duration-ms="1277" status="PASS">
          <reporter-output>
          </reporter-output>
        </test-method> <!-- setUp -->
        <test-method is-config="true" signature="SetUp()[pri:0, instance:mentorMatePageFactory.CreatePublicPostTest@229d10bd]" started-at="2022-08-01T20:43:00 EEST" name="SetUp" finished-at="2022-08-01T20:43:01 EEST" duration-ms="1054" status="PASS">
          <reporter-output>
          </reporter-output>
        </test-method> <!-- SetUp -->
        <test-method signature="uploadImageTest()[pri:0, instance:mentorMatePageFactory.CreatePublicPostTest@229d10bd]" started-at="2022-08-01T20:43:01 EEST" name="uploadImageTest" finished-at="2022-08-01T20:43:04 EEST" duration-ms="3508" status="PASS">
          <reporter-output>
          </reporter-output>
        </test-method> <!-- uploadImageTest -->
        <test-method is-config="true" signature="tearDown(org.testng.ITestResult)[pri:0, instance:mentorMatePageFactory.CreatePublicPostTest@229d10bd]" started-at="2022-08-01T20:43:04 EEST" name="tearDown" finished-at="2022-08-01T20:43:04 EEST" duration-ms="1" status="PASS">
          <params>
            <param index="0">
              <value>
                <![CDATA[[TestResult name=uploadImageTest status=SUCCESS method=UploadImageTest.uploadImageTest()[pri:0, instance:mentorMatePageFactory.CreatePublicPostTest@229d10bd] output={null}]]]>
              </value>
            </param>
          </params>
          <reporter-output>
          </reporter-output>
        </test-method> <!-- tearDown -->
        <test-method is-config="true" signature="tearDown()[pri:0, instance:mentorMatePageFactory.CreatePublicPostTest@229d10bd]" started-at="2022-08-01T20:43:04 EEST" name="tearDown" finished-at="2022-08-01T20:43:05 EEST" duration-ms="650" status="PASS">
          <reporter-output>
          </reporter-output>
        </test-method> <!-- tearDown -->
      </class> <!-- mentorMatePageFactory.CreatePublicPostTest -->
    </test> <!-- Test-method test -->
  </suite> <!-- Test-method Suite -->
</testng-results>
